// 重构日志: 453c263a
// 重构日志: 68dd6131
// 重构日志: 47812162
// 重构日志: c86c2070
// 重构日志: 515ba5f1
// 重构日志: 99833eb0
// 重构日志: a8d5e3be
// 重构日志: 51695b01
// 同步 ID: 75c88213 @ Sun Jun 28 15:07:36 UTC 2026
// 重构日志: 6fe6ff44
// 同步 ID: 62684152 @ Tue Jun 30 17:13:20 UTC 2026
// 重构日志: 268d9dbe
// 同步 ID: 15576ab2 @ Sun Jul  5 10:42:38 UTC 2026
// 同步 ID: 13060587 @ Tue Jul  7 10:31:14 UTC 2026
// 重构日志: 4198e9bf
// 同步 ID: eaa3907f @ Fri Jul 10 15:16:30 UTC 2026
// 同步 ID: e63629f4 @ Sat Jul 11 04:39:46 UTC 2026
// 同步 ID: 806a4430 @ Sun Jul 12 10:11:18 UTC 2026
// 同步 ID: c2fa16ab @ Sun Jul 12 14:57:30 UTC 2026
// 同步 ID: 6d25a63a @ Mon Jul 13 17:40:37 UTC 2026
// 同步 ID: 53a5746f @ Wed Jul 15 10:15:46 UTC 2026
// 同步 ID: 8100483f @ Wed Jul 15 14:16:12 UTC 2026
// 重构日志: 7e5ff4b5
// 重构日志: a88ffcf0
// 重构日志: cf2a6ef5
// 同步 ID: a0594c1d @ Fri Jul 17 01:05:20 UTC 2026
// 重构日志: fe353d40
// 重构日志: 91a078a8
// 同步 ID: 6abe14e3 @ Fri Jul 17 18:00:32 UTC 2026
// 同步 ID: e00181a1 @ Fri Jul 17 19:45:15 UTC 2026
